2025-06-30 00:58:58 info:Connection Successful
2025-06-30 00:58:58 info:server running on PORT 4000
2025-06-30 00:59:23 error:can't find /user on this server
2025-06-30 00:59:36 error:can't find /favicon.ico on this server
2025-06-30 01:05:52 info:Connection Successful
2025-06-30 01:05:52 info:server running on PORT 4000
2025-06-30 01:11:23 info:Connection Successful
2025-06-30 01:11:23 info:server running on PORT 4000
2025-06-30 01:11:35 info:Connection Successful
2025-06-30 01:11:36 info:server running on PORT 4000
2025-06-30 01:11:44 info:Connection Successful
2025-06-30 01:11:44 info:server running on PORT 4000
2025-06-30 01:11:47 info:Connection Successful
2025-06-30 01:11:48 info:server running on PORT 4000
2025-06-30 01:11:50 info:Connection Successful
2025-06-30 01:11:50 info:server running on PORT 4000
2025-06-30 01:12:06 info:Connection Successful
2025-06-30 01:12:06 info:server running on PORT 4000
2025-06-30 01:15:09 info:Connection Successful
2025-06-30 01:15:09 info:server running on PORT 4000
2025-06-30 01:15:26 error:can't find /favicon.ico on this server
2025-06-30 01:22:50 info:Connection Successful
2025-06-30 01:22:50 info:server running on PORT 4000
2025-07-03 01:33:43 info:server running on PORT 4000
2025-07-03 01:33:43 info:MongoDB connection successful
2025-07-03 01:34:02 error:Can't find /favicon.ico on this server
2025-07-03 01:34:17 error:Can't find /favicon.ico on this server
2025-07-03 01:44:13 error:Missing UserId
2025-07-03 01:44:55 error:Can't find /api/transactions/download/6861638f32162cc6a0ceb400 on this server
2025-07-03 01:45:36 info:server running on PORT 4000
2025-07-03 01:45:36 info:MongoDB connection successful
2025-07-03 01:46:22 info:server running on PORT 4000
2025-07-03 01:46:22 info:MongoDB connection successful
2025-07-03 01:46:25 error:Missing UserId
2025-07-03 01:48:36 info:server running on PORT 4000
2025-07-03 01:48:36 info:MongoDB connection successful
2025-07-03 02:04:00 info:server running on PORT 4000
2025-07-03 02:04:00 info:MongoDB connection successful
2025-07-03 02:04:05 info:server running on PORT 4000
2025-07-03 02:04:05 info:MongoDB connection successful
2025-07-03 02:08:44 info:server running on PORT 4000
2025-07-03 02:08:44 info:MongoDB connection successful
2025-07-03 02:08:47 info:server running on PORT 4000
2025-07-03 02:08:47 info:MongoDB connection successful
2025-07-03 02:08:51 info:server running on PORT 4000
2025-07-03 02:08:51 info:MongoDB connection successful
2025-07-03 02:09:30 info:server running on PORT 4000
2025-07-03 02:09:30 info:MongoDB connection successful
2025-07-03 02:09:47 info:server running on PORT 4000
2025-07-03 02:09:47 info:MongoDB connection successful
